<?xml version="1.0" encoding="UTF-8"?>
<!-- Generated by org.testng.reporters.JUnitReportReporter -->
<testsuite hostname="DESKTOP-UVPHAJU" failures="0" tests="2" name="KotakTstNGFramework.LoginKotak" time="37.541" errors="0" timestamp="2022-12-22T16:26:00 IST" skipped="0">
  <testcase classname="KotakTstNGFramework.LoginKotak" name="TestCase001" time="20.421"/>
  <system-out/>
  <testcase classname="KotakTstNGFramework.LoginKotak" name="TestCase001" time="17.120"/>
  <system-out/>
</testsuite> <!-- KotakTstNGFramework.LoginKotak -->
